<?xml version="1.0" encoding="UTF-8"?>
<!-- Generated by org.testng.reporters.JUnitReportReporter -->
<testsuite hostname="ASUS_TUF" failures="0" tests="2" name="pack.Login" time="2.771" errors="0" timestamp="2024-03-26T14:20:12 IST" skipped="0">
  <testcase classname="pack.Login" name="Launcher" time="0.413"/>
  <system-out/>
  <testcase classname="pack.Login" name="LoginPage" time="2.358"/>
  <system-out/>
</testsuite> <!-- pack.Login -->
