<?xml version="1.0" encoding="UTF-8"?>
<!-- Generated by org.testng.reporters.JUnitReportReporter -->
<testsuite hostname="ASUS_TUF" failures="0" tests="1" name="pack.AddnewEmployee" time="5.782" errors="0" timestamp="2024-03-26T14:20:12 IST" skipped="0">
  <testcase classname="pack.AddnewEmployee" name="newemployee" time="5.782"/>
  <system-out/>
</testsuite> <!-- pack.AddnewEmployee -->
