<?xml version="1.0" encoding="UTF-8"?>
<!-- Generated by org.testng.reporters.JUnitReportReporter -->
<testsuite hostname="ASUS_TUF" failures="0" tests="1" name="pack.Personaldetails" time="1.746" errors="0" timestamp="2024-03-26T14:20:12 IST" skipped="0">
  <testcase classname="pack.Personaldetails" name="details" time="1.746"/>
  <system-out/>
</testsuite> <!-- pack.Personaldetails -->
