<?xml version="1.0" encoding="UTF-8"?>
<!-- Generated by org.testng.reporters.JUnitReportReporter -->
<testsuite hostname="ASUS_TUF" failures="0" tests="1" name="pack.PIM" time="1.741" errors="0" timestamp="2024-03-26T14:20:12 IST" skipped="0">
  <testcase classname="pack.PIM" name="navigation" time="1.741"/>
  <system-out/>
</testsuite> <!-- pack.PIM -->
